r19
修改：更新页面CSS。页面底部信息左对齐。
---------------------
r18
更新：修改页脚文字。
---------------------
r17
新增：评论功能。
---------------------
r16
新增：添加博文列表。
---------------------
r15
修复：修复了当一篇文章中有多个程序代码时，只有第一个会着色的错误。
---------------------
r14
修复：博文显示页面的代码着色器现在可以正常的使用了。
---------------------
r13
新增：后台首页和各个文章浏览页面上的直接编辑按钮。
---------------------
r12
修复：现在在后台博文列表处点击标题会跳转到文章页面而不是编辑页面了。
---------------------
r11
修复：下一篇文章的跳转错误已经被修复。
---------------------
r10
新增：现在可以发布一篇新博文了。
---------------------
r9
新增：完成修改博文的程序逻辑。现在可以修改博文了。
---------------------
r8
新增：创建编辑模板并完成显示逻辑。
---------------------
r7
修复：在地址栏参数错误时点击编辑按钮跳转无效。
---------------------
r6
修改错误代码文档文件名log.txt为errorcode.txt
---------------------
r5
增加后台控制面板逻辑。完成控制面板前台框架。完成博文列表显示部分。
---------------------
r4
修改程序注释。
---------------------
r3
Blog显示模板――使得留言者的网站在新窗口中打开。
---------------------
r2
修复注销部分代码。
---------------------
r1
FeelyBlog Create. 建立了FeelyBlog项目
---------------------